0 info it worked if it ends with ok
1 verbose cli [ '/usr/local/bin/node', '/usr/local/bin/npm', 'run', 'dev' ]
2 info using npm@3.10.6
3 info using node@v4.4.7
4 verbose run-script [ 'predev', 'dev', 'postdev' ]
5 info lifecycle webpack-bootstrap@0.0.1~predev: webpack-bootstrap@0.0.1
6 silly lifecycle webpack-bootstrap@0.0.1~predev: no script for predev, continuing
7 info lifecycle webpack-bootstrap@0.0.1~dev: webpack-bootstrap@0.0.1
8 verbose lifecycle webpack-bootstrap@0.0.1~dev: unsafe-perm in lifecycle true
9 verbose lifecycle webpack-bootstrap@0.0.1~dev: PATH: /usr/local/lib/node_modules/npm/bin/node-gyp-bin:/Volumes/tc/vagrant/webpack/runtime/public_html/react/node_modules/.bin:/Users/szymon/.yarn/bin:/usr/local/bin:/usr/bin:/bin:/usr/sbin:/sbin:/opt/X11/bin:/Library/Frameworks/Mono.framework/Versions/Current/Commands:/usr/local/mysql/bin
10 verbose lifecycle webpack-bootstrap@0.0.1~dev: CWD: /Volumes/tc/vagrant/webpack/runtime/public_html/react
11 silly lifecycle webpack-bootstrap@0.0.1~dev: Args: [ '-c', 'node node_modules/gulp/bin/gulp.js watch' ]
12 silly lifecycle webpack-bootstrap@0.0.1~dev: Returned: code: 1  signal: null
13 info lifecycle webpack-bootstrap@0.0.1~dev: Failed to exec dev script
14 verbose stack Error: webpack-bootstrap@0.0.1 dev: `node node_modules/gulp/bin/gulp.js watch`
14 verbose stack Exit status 1
14 verbose stack     at EventEmitter.<anonymous> (/usr/local/lib/node_modules/npm/lib/utils/lifecycle.js:255:16)
14 verbose stack     at emitTwo (events.js:87:13)
14 verbose stack     at EventEmitter.emit (events.js:172:7)
14 verbose stack     at ChildProcess.<anonymous> (/usr/local/lib/node_modules/npm/lib/utils/spawn.js:40:14)
14 verbose stack     at emitTwo (events.js:87:13)
14 verbose stack     at ChildProcess.emit (events.js:172:7)
14 verbose stack     at maybeClose (internal/child_process.js:827:16)
14 verbose stack     at Process.ChildProcess._handle.onexit (internal/child_process.js:211:5)
15 verbose pkgid webpack-bootstrap@0.0.1
16 verbose cwd /Volumes/tc/vagrant/webpack/runtime/public_html/react
17 error Darwin 15.6.0
18 error argv "/usr/local/bin/node" "/usr/local/bin/npm" "run" "dev"
19 error node v4.4.7
20 error npm  v3.10.6
21 error code ELIFECYCLE
22 error webpack-bootstrap@0.0.1 dev: `node node_modules/gulp/bin/gulp.js watch`
22 error Exit status 1
23 error Failed at the webpack-bootstrap@0.0.1 dev script 'node node_modules/gulp/bin/gulp.js watch'.
23 error Make sure you have the latest version of node.js and npm installed.
23 error If you do, this is most likely a problem with the webpack-bootstrap package,
23 error not with npm itself.
23 error Tell the author that this fails on your system:
23 error     node node_modules/gulp/bin/gulp.js watch
23 error You can get information on how to open an issue for this project with:
23 error     npm bugs webpack-bootstrap
23 error Or if that isn't available, you can get their info via:
23 error     npm owner ls webpack-bootstrap
23 error There is likely additional logging output above.
24 verbose exit [ 1, true ]
